<?xml version="1.0" encoding="utf-8"?><testsuites name="pytest tests"><testsuite name="pytest" errors="0" failures="0" skipped="0" tests="15" time="5.065" timestamp="2026-04-14T17:06:43.369936+00:00" hostname="agent-env-7c39026e-804b-49fb-af53-a51a6b0e88c7"><testcase classname="backend.tests.test_location_extras_iter17.TestLocationsEndpoint" name="test_get_locations_returns_debrecen_and_budapest" time="0.162" /><testcase classname="backend.tests.test_location_extras_iter17.TestExtrasFiltering" name="test_get_extras_without_location_returns_all" time="0.122" /><testcase classname="backend.tests.test_location_extras_iter17.TestExtrasFiltering" name="test_get_extras_with_debrecen_location" time="0.142" /><testcase classname="backend.tests.test_location_extras_iter17.TestExtrasFiltering" name="test_get_extras_with_budapest_location" time="0.107" /><testcase classname="backend.tests.test_location_extras_iter17.TestPricingDataLocationFilter" name="test_pricing_data_without_location" time="0.145" /><testcase classname="backend.tests.test_location_extras_iter17.TestPricingDataLocationFilter" name="test_pricing_data_with_debrecen_location" time="0.144" /><testcase classname="backend.tests.test_location_extras_iter17.TestPricingDataLocationFilter" name="test_pricing_data_with_budapest_location" time="0.114" /><testcase classname="backend.tests.test_location_extras_iter17.TestExtrasCRUD" name="test_create_extra_debrecen" time="0.549" /><testcase classname="backend.tests.test_location_extras_iter17.TestExtrasCRUD" name="test_create_extra_budapest" time="0.551" /><testcase classname="backend.tests.test_location_extras_iter17.TestExtrasCRUD" name="test_create_extra_universal" time="0.502" /><testcase classname="backend.tests.test_location_extras_iter17.TestExtrasCRUD" name="test_update_extra" time="0.595" /><testcase classname="backend.tests.test_location_extras_iter17.TestExtrasCRUD" name="test_delete_extra" time="0.574" /><testcase classname="backend.tests.test_location_extras_iter17.TestExtrasCRUD" name="test_create_extra_requires_admin" time="0.507" /><testcase classname="backend.tests.test_location_extras_iter17.TestExtrasAdminEndpoint" name="test_get_extras_admin_all" time="0.386" /><testcase classname="backend.tests.test_location_extras_iter17.TestExtrasAdminEndpoint" name="test_get_extras_admin_filtered_by_location" time="0.410" /></testsuite></testsuites>