<?xml version="1.0" encoding="utf-8"?><testsuites name="pytest tests"><testsuite name="pytest" errors="0" failures="0" skipped="0" tests="10" time="4.606" timestamp="2026-04-14T17:29:34.425153+00:00" hostname="agent-env-7c39026e-804b-49fb-af53-a51a6b0e88c7"><testcase classname="backend.tests.test_stats_report_iter18.TestStatsReport" name="test_report_daily_period" time="0.510" /><testcase classname="backend.tests.test_stats_report_iter18.TestStatsReport" name="test_report_weekly_period" time="0.426" /><testcase classname="backend.tests.test_stats_report_iter18.TestStatsReport" name="test_report_monthly_period" time="0.424" /><testcase classname="backend.tests.test_stats_report_iter18.TestStatsReport" name="test_report_with_location_filter" time="0.443" /><testcase classname="backend.tests.test_stats_report_iter18.TestLowStockNotifications" name="test_low_stock_returns_severity_field" time="0.412" /><testcase classname="backend.tests.test_stats_report_iter18.TestLowStockNotifications" name="test_severity_critical_when_zero" time="0.444" /><testcase classname="backend.tests.test_stats_report_iter18.TestInventoryLocations" name="test_inventory_list" time="0.426" /><testcase classname="backend.tests.test_stats_report_iter18.TestInventoryLocations" name="test_inventory_filter_by_location" time="0.515" /><testcase classname="backend.tests.test_stats_report_iter18.TestInventoryLocations" name="test_create_inventory_with_budapest_location" time="0.502" /><testcase classname="backend.tests.test_stats_report_iter18.TestDashboardLowStock" name="test_dashboard_stats_endpoint" time="0.421" /></testsuite></testsuites>