<?xml version="1.0" encoding="utf-8"?><testsuites name="pytest tests"><testsuite name="pytest" errors="0" failures="0" skipped="0" tests="30" time="2.731" timestamp="2026-03-04T09:55:37.622998+00:00" hostname="agent-env-f2358920-a078-4f3b-ba2e-aa5f5f78de58"><testcase classname="backend.tests.test_xclean_api.TestHealthAndAuth" name="test_api_health" time="0.263" /><testcase classname="backend.tests.test_xclean_api.TestHealthAndAuth" name="test_auth_me" time="0.048" /><testcase classname="backend.tests.test_xclean_api.TestDashboardStats" name="test_dashboard_stats" time="0.053" /><testcase classname="backend.tests.test_xclean_api.TestDashboardStats" name="test_dashboard_stats_with_location" time="0.053" /><testcase classname="backend.tests.test_xclean_api.TestDashboardStats" name="test_advanced_stats" time="0.051" /><testcase classname="backend.tests.test_xclean_api.TestDashboardStats" name="test_daily_stats" time="0.054" /><testcase classname="backend.tests.test_xclean_api.TestDashboardStats" name="test_worker_stats" time="0.049" /><testcase classname="backend.tests.test_xclean_api.TestDashboardStats" name="test_location_stats" time="0.050" /><testcase classname="backend.tests.test_xclean_api.TestDayManagement" name="test_today_record_endpoint" time="0.048" /><testcase classname="backend.tests.test_xclean_api.TestDayManagement" name="test_day_records_list" time="0.049" /><testcase classname="backend.tests.test_xclean_api.TestDayManagement" name="test_open_day_debrecen" time="0.102" /><testcase classname="backend.tests.test_xclean_api.TestDayManagement" name="test_close_day_debrecen" time="0.105" /><testcase classname="backend.tests.test_xclean_api.TestServicesCRUD" name="test_get_services" time="0.047" /><testcase classname="backend.tests.test_xclean_api.TestServicesCRUD" name="test_create_service" time="0.059" /><testcase classname="backend.tests.test_xclean_api.TestServicesCRUD" name="test_update_service" time="0.145" /><testcase classname="backend.tests.test_xclean_api.TestServicesCRUD" name="test_delete_service" time="0.096" /><testcase classname="backend.tests.test_xclean_api.TestInventoryCRUD" name="test_get_inventory" time="0.056" /><testcase classname="backend.tests.test_xclean_api.TestInventoryCRUD" name="test_get_inventory_by_location" time="0.053" /><testcase classname="backend.tests.test_xclean_api.TestInventoryCRUD" name="test_create_inventory" time="0.050" /><testcase classname="backend.tests.test_xclean_api.TestInventoryCRUD" name="test_update_inventory" time="0.144" /><testcase classname="backend.tests.test_xclean_api.TestInventoryCRUD" name="test_delete_inventory" time="0.098" /><testcase classname="backend.tests.test_xclean_api.TestWorkersCRUD" name="test_get_workers" time="0.048" /><testcase classname="backend.tests.test_xclean_api.TestWorkersCRUD" name="test_get_workers_by_location" time="0.050" /><testcase classname="backend.tests.test_xclean_api.TestWorkersCRUD" name="test_create_worker" time="0.054" /><testcase classname="backend.tests.test_xclean_api.TestWorkersCRUD" name="test_update_worker" time="0.154" /><testcase classname="backend.tests.test_xclean_api.TestWorkersCRUD" name="test_delete_worker" time="0.093" /><testcase classname="backend.tests.test_xclean_api.TestShiftsCRUD" name="test_get_shifts" time="0.048" /><testcase classname="backend.tests.test_xclean_api.TestShiftsCRUD" name="test_create_and_delete_shift" time="0.155" /><testcase classname="backend.tests.test_xclean_api.TestTodayJobs" name="test_today_jobs" time="0.109" /><testcase classname="backend.tests.test_xclean_api.TestTodayJobs" name="test_today_jobs_by_location" time="0.242" /></testsuite></testsuites>