<?xml version="1.0" encoding="utf-8"?><testsuites name="pytest tests"><testsuite name="pytest" errors="0" failures="0" skipped="0" tests="13" time="1.665" timestamp="2026-03-04T10:58:34.894476+00:00" hostname="agent-env-f2358920-a078-4f3b-ba2e-aa5f5f78de58"><testcase classname="backend.tests.test_features_iter7.TestLowStockNotifications" name="test_low_stock_endpoint_returns_200" time="0.129" /><testcase classname="backend.tests.test_features_iter7.TestLowStockNotifications" name="test_low_stock_returns_array" time="0.110" /><testcase classname="backend.tests.test_features_iter7.TestLowStockNotifications" name="test_low_stock_items_have_required_fields" time="0.139" /><testcase classname="backend.tests.test_features_iter7.TestLowStockNotifications" name="test_low_stock_shows_keramia_bevonat" time="0.102" /><testcase classname="backend.tests.test_features_iter7.TestLowStockNotifications" name="test_low_stock_requires_auth" time="0.107" /><testcase classname="backend.tests.test_features_iter7.TestSMSSending" name="test_send_sms_returns_503_without_config" time="0.117" /><testcase classname="backend.tests.test_features_iter7.TestSMSSending" name="test_send_sms_requires_auth" time="0.097" /><testcase classname="backend.tests.test_features_iter7.TestEmailSending" name="test_send_email_returns_503_without_config" time="0.103" /><testcase classname="backend.tests.test_features_iter7.TestEmailSending" name="test_send_email_requires_auth" time="0.107" /><testcase classname="backend.tests.test_features_iter7.TestCustomerNotification" name="test_notify_customer_returns_503_without_config" time="0.294" /><testcase classname="backend.tests.test_features_iter7.TestCustomerNotification" name="test_notify_customer_with_invalid_job_returns_404" time="0.098" /><testcase classname="backend.tests.test_features_iter7.TestCustomerNotification" name="test_notify_customer_requires_auth" time="0.104" /><testcase classname="backend.tests.test_features_iter7.TestInventoryLowStockData" name="test_inventory_has_items_below_min_level" time="0.103" /></testsuite></testsuites>