<?xml version="1.0" encoding="utf-8"?><testsuites name="pytest tests"><testsuite name="pytest" errors="0" failures="0" skipped="0" tests="9" time="4.565" timestamp="2026-03-25T11:34:38.126536+00:00" hostname="agent-env-4f2f20ad-9574-4ebc-9465-e8d1fdbb5c79"><testcase classname="backend.tests.test_attendance_iter13.TestAttendanceAPI" name="test_get_today_attendance" time="0.525" /><testcase classname="backend.tests.test_attendance_iter13.TestAttendanceAPI" name="test_get_today_attendance_with_location_filter" time="0.448" /><testcase classname="backend.tests.test_attendance_iter13.TestAttendanceAPI" name="test_check_in_success" time="0.614" /><testcase classname="backend.tests.test_attendance_iter13.TestAttendanceAPI" name="test_check_in_duplicate_fails" time="0.467" /><testcase classname="backend.tests.test_attendance_iter13.TestAttendanceAPI" name="test_check_out_success" time="0.560" /><testcase classname="backend.tests.test_attendance_iter13.TestAttendanceAPI" name="test_check_out_without_check_in_fails" time="0.535" /><testcase classname="backend.tests.test_attendance_iter13.TestAttendanceAPI" name="test_get_attendance_with_filters" time="0.506" /><testcase classname="backend.tests.test_attendance_iter13.TestAttendanceAPI" name="test_get_worker_attendance" time="0.419" /><testcase classname="backend.tests.test_attendance_iter13.TestAttendanceAPI" name="test_get_worker_attendance_stats" time="0.421" /></testsuite></testsuites>