<?xml version="1.0" encoding="utf-8"?><testsuites name="pytest tests"><testsuite name="pytest" errors="0" failures="0" skipped="0" tests="10" time="4.060" timestamp="2026-03-25T11:16:25.739606+00:00" hostname="agent-env-4f2f20ad-9574-4ebc-9465-e8d1fdbb5c79"><testcase classname="backend.tests.test_day_management_iter12.TestDayManagementAPI" name="test_01_get_today_record" time="0.385" /><testcase classname="backend.tests.test_day_management_iter12.TestDayManagementAPI" name="test_02_get_day_records_list" time="0.393" /><testcase classname="backend.tests.test_day_management_iter12.TestDayManagementAPI" name="test_03_cash_withdrawal_endpoint" time="0.401" /><testcase classname="backend.tests.test_day_management_iter12.TestDayManagementAPI" name="test_04_verify_withdrawal_in_today_record" time="0.368" /><testcase classname="backend.tests.test_day_management_iter12.TestDayManagementAPI" name="test_05_withdrawal_validation_no_amount" time="0.420" /><testcase classname="backend.tests.test_day_management_iter12.TestDayManagementAPI" name="test_06_withdrawal_when_day_closed" time="0.380" /><testcase classname="backend.tests.test_day_management_iter12.TestDayManagementAPI" name="test_07_day_open_endpoint" time="0.450" /><testcase classname="backend.tests.test_day_management_iter12.TestDayManagementAPI" name="test_08_day_close_endpoint_validation" time="0.413" /><testcase classname="backend.tests.test_day_management_iter12.TestDayManagementAPI" name="test_09_expected_closing_balance_calculation" time="0.378" /><testcase classname="backend.tests.test_day_management_iter12.TestDayManagementIntegration" name="test_full_day_flow_data_integrity" time="0.391" /></testsuite></testsuites>