<?xml version="1.0" encoding="utf-8"?><testsuites name="pytest tests"><testsuite name="pytest" errors="0" failures="0" skipped="0" tests="12" time="5.678" timestamp="2026-03-20T11:21:03.098387+00:00" hostname="agent-env-b8557e21-c572-41ab-889d-396530ca6ee4"><testcase classname="backend.tests.test_auth_features_iter9.TestAuthLogin" name="test_login_success_admin" time="0.404" /><testcase classname="backend.tests.test_auth_features_iter9.TestAuthLogin" name="test_login_invalid_credentials" time="0.112" /><testcase classname="backend.tests.test_auth_features_iter9.TestAuthLogin" name="test_login_missing_fields" time="0.100" /><testcase classname="backend.tests.test_auth_features_iter9.TestAuthMe" name="test_auth_me_with_session" time="0.382" /><testcase classname="backend.tests.test_auth_features_iter9.TestAuthMe" name="test_auth_me_without_session" time="0.110" /><testcase classname="backend.tests.test_auth_features_iter9.TestUserManagement" name="test_create_user_success" time="0.600" /><testcase classname="backend.tests.test_auth_features_iter9.TestUserManagement" name="test_create_user_duplicate_username" time="0.659" /><testcase classname="backend.tests.test_auth_features_iter9.TestUserManagement" name="test_reset_password" time="1.215" /><testcase classname="backend.tests.test_auth_features_iter9.TestUserManagement" name="test_toggle_user_active" time="0.790" /><testcase classname="backend.tests.test_auth_features_iter9.TestSecondCarBooking" name="test_booking_with_second_car" time="0.198" /><testcase classname="backend.tests.test_auth_features_iter9.TestSecondCarBooking" name="test_booking_without_second_car" time="0.211" /><testcase classname="backend.tests.test_auth_features_iter9.TestBookingNotifications" name="test_notification_on_status_change" time="0.699" /></testsuite></testsuites>