<?xml version="1.0" encoding="utf-8"?><testsuites name="pytest tests"><testsuite name="pytest" errors="0" failures="0" skipped="0" tests="13" time="1.548" timestamp="2026-04-04T15:21:29.601406+00:00" hostname="agent-env-7c39026e-804b-49fb-af53-a51a6b0e88c7"><testcase classname="backend.tests.test_job_booking_sync_iter16.TestJobBookingSync" name="test_01_create_test_customer" time="0.524" /><testcase classname="backend.tests.test_job_booking_sync_iter16.TestJobBookingSync" name="test_02_get_services" time="0.047" /><testcase classname="backend.tests.test_job_booking_sync_iter16.TestJobBookingSync" name="test_03_get_workers" time="0.043" /><testcase classname="backend.tests.test_job_booking_sync_iter16.TestJobBookingSync" name="test_04_create_job_creates_booking" time="0.045" /><testcase classname="backend.tests.test_job_booking_sync_iter16.TestJobBookingSync" name="test_05_booking_appears_in_calendar" time="0.047" /><testcase classname="backend.tests.test_job_booking_sync_iter16.TestJobBookingSync" name="test_06_customer_history_shows_job" time="0.085" /><testcase classname="backend.tests.test_job_booking_sync_iter16.TestJobBookingSync" name="test_07_update_job_status_syncs_to_booking" time="0.088" /><testcase classname="backend.tests.test_job_booking_sync_iter16.TestJobBookingSync" name="test_08_statistics_count_completed_job" time="0.093" /><testcase classname="backend.tests.test_job_booking_sync_iter16.TestJobBookingSync" name="test_09_update_job_price_syncs_to_booking" time="0.127" /><testcase classname="backend.tests.test_job_booking_sync_iter16.TestJobBookingSync" name="test_10_update_job_worker_syncs_to_booking" time="0.088" /><testcase classname="backend.tests.test_job_booking_sync_iter16.TestBookingPageEndpoints" name="test_pricing_data_endpoint" time="0.046" /><testcase classname="backend.tests.test_job_booking_sync_iter16.TestBookingPageEndpoints" name="test_extras_endpoint" time="0.044" /><testcase classname="backend.tests.test_job_booking_sync_iter16.TestBookingPageEndpoints" name="test_available_slots_endpoint" time="0.191" /></testsuite></testsuites>