<?xml version="1.0" encoding="utf-8"?><testsuites name="pytest tests"><testsuite name="pytest" errors="0" failures="0" skipped="0" tests="24" time="4.054" timestamp="2026-03-04T10:22:27.963539+00:00" hostname="agent-env-f2358920-a078-4f3b-ba2e-aa5f5f78de58"><testcase classname="backend.tests.test_worker_role_crud.TestWorkerRoleAuthentication" name="test_api_health_check" time="0.272" /><testcase classname="backend.tests.test_worker_role_crud.TestWorkerRoleAuthentication" name="test_worker_session_valid" time="0.113" /><testcase classname="backend.tests.test_worker_role_crud.TestServicesCRUDWorkerRole" name="test_get_services_worker" time="0.114" /><testcase classname="backend.tests.test_worker_role_crud.TestServicesCRUDWorkerRole" name="test_create_service_worker" time="0.113" /><testcase classname="backend.tests.test_worker_role_crud.TestServicesCRUDWorkerRole" name="test_update_service_worker" time="0.218" /><testcase classname="backend.tests.test_worker_role_crud.TestServicesCRUDWorkerRole" name="test_delete_service_worker" time="0.230" /><testcase classname="backend.tests.test_worker_role_crud.TestWorkersCRUDWorkerRole" name="test_get_workers_worker" time="0.107" /><testcase classname="backend.tests.test_worker_role_crud.TestWorkersCRUDWorkerRole" name="test_create_worker_by_worker_role" time="0.139" /><testcase classname="backend.tests.test_worker_role_crud.TestWorkersCRUDWorkerRole" name="test_update_worker_by_worker_role" time="0.208" /><testcase classname="backend.tests.test_worker_role_crud.TestWorkersCRUDWorkerRole" name="test_delete_worker_by_worker_role" time="0.151" /><testcase classname="backend.tests.test_worker_role_crud.TestInventoryCRUDWorkerRole" name="test_get_inventory_worker" time="0.109" /><testcase classname="backend.tests.test_worker_role_crud.TestInventoryCRUDWorkerRole" name="test_create_inventory_worker" time="0.159" /><testcase classname="backend.tests.test_worker_role_crud.TestInventoryCRUDWorkerRole" name="test_update_inventory_worker" time="0.207" /><testcase classname="backend.tests.test_worker_role_crud.TestInventoryCRUDWorkerRole" name="test_delete_inventory_worker" time="0.161" /><testcase classname="backend.tests.test_worker_role_crud.TestShiftsCRUDWorkerRole" name="test_get_shifts_worker" time="0.102" /><testcase classname="backend.tests.test_worker_role_crud.TestShiftsCRUDWorkerRole" name="test_create_shift_worker" time="0.238" /><testcase classname="backend.tests.test_worker_role_crud.TestShiftsCRUDWorkerRole" name="test_delete_shift_worker" time="0.209" /><testcase classname="backend.tests.test_worker_role_crud.TestDayRecordsWorkerRole" name="test_get_today_record_worker" time="0.109" /><testcase classname="backend.tests.test_worker_role_crud.TestDayRecordsWorkerRole" name="test_open_day_worker" time="0.232" /><testcase classname="backend.tests.test_worker_role_crud.TestDayRecordsWorkerRole" name="test_close_day_worker" time="0.166" /><testcase classname="backend.tests.test_worker_role_crud.TestAdvancedStatsWorkerRole" name="test_get_advanced_stats_worker" time="0.122" /><testcase classname="backend.tests.test_worker_role_crud.TestAdvancedStatsWorkerRole" name="test_get_dashboard_stats_worker" time="0.103" /><testcase classname="backend.tests.test_worker_role_crud.TestCleanup" name="test_cleanup_test_services" time="0.155" /><testcase classname="backend.tests.test_worker_role_crud.TestCleanup" name="test_cleanup_test_inventory" time="0.142" /></testsuite></testsuites>