<?xml version="1.0" encoding="utf-8"?><testsuites name="pytest tests"><testsuite name="pytest" errors="0" failures="0" skipped="0" tests="7" time="2.103" timestamp="2026-03-25T12:26:02.277236+00:00" hostname="agent-env-f3c23e44-746d-4f3c-b025-3b42e4989acc"><testcase classname="backend.tests.test_legacy_images_iter15.TestLegacyImages" name="test_legacy_image_endpoint_returns_image" time="0.126" /><testcase classname="backend.tests.test_legacy_images_iter15.TestLegacyImages" name="test_legacy_image_jpeg" time="0.192" /><testcase classname="backend.tests.test_legacy_images_iter15.TestLegacyImages" name="test_legacy_image_not_found" time="0.108" /><testcase classname="backend.tests.test_legacy_images_iter15.TestCloudinaryUpload" name="test_cloudinary_config_endpoint" time="0.105" /><testcase classname="backend.tests.test_legacy_images_iter15.TestCloudinaryUpload" name="test_file_upload_returns_cloudinary_url" time="0.979" /><testcase classname="backend.tests.test_legacy_images_iter15.TestAPIHealth" name="test_api_root" time="0.150" /><testcase classname="backend.tests.test_legacy_images_iter15.TestAPIHealth" name="test_login" time="0.383" /></testsuite></testsuites>