<?xml version="1.0" encoding="utf-8"?><testsuites name="pytest tests"><testsuite name="pytest" errors="0" failures="0" skipped="0" tests="19" time="2.841" timestamp="2026-03-16T09:49:58.886871+00:00" hostname="agent-env-022175f4-a962-4a12-8d32-c4f20c4fd924"><testcase classname="backend.tests.test_booking_public_api.TestPublicBookingAPI" name="test_get_public_locations_returns_200" time="0.258" /><testcase classname="backend.tests.test_booking_public_api.TestPublicBookingAPI" name="test_get_public_locations_returns_array" time="0.134" /><testcase classname="backend.tests.test_booking_public_api.TestPublicBookingAPI" name="test_get_public_locations_contains_budapest_debrecen" time="0.109" /><testcase classname="backend.tests.test_booking_public_api.TestPublicBookingAPI" name="test_get_public_services_returns_200" time="0.105" /><testcase classname="backend.tests.test_booking_public_api.TestPublicBookingAPI" name="test_get_public_services_returns_array" time="0.102" /><testcase classname="backend.tests.test_booking_public_api.TestPublicBookingAPI" name="test_get_public_services_has_required_fields" time="0.140" /><testcase classname="backend.tests.test_booking_public_api.TestPublicBookingAPI" name="test_get_available_slots_returns_200" time="0.099" /><testcase classname="backend.tests.test_booking_public_api.TestPublicBookingAPI" name="test_get_available_slots_returns_array" time="0.113" /><testcase classname="backend.tests.test_booking_public_api.TestPublicBookingAPI" name="test_get_available_slots_has_time_and_workers" time="0.103" /><testcase classname="backend.tests.test_booking_public_api.TestPublicBookingAPI" name="test_get_available_slots_workers_have_id_and_name" time="0.103" /><testcase classname="backend.tests.test_booking_public_api.TestBookingCreation" name="test_create_booking_returns_201_or_200" time="0.228" /><testcase classname="backend.tests.test_booking_public_api.TestBookingCreation" name="test_create_booking_returns_booking_data" time="0.211" /><testcase classname="backend.tests.test_booking_public_api.TestBookingCreation" name="test_create_booking_with_optional_fields" time="0.244" /><testcase classname="backend.tests.test_booking_public_api.TestBookingCreation" name="test_create_booking_invalid_service_returns_404" time="0.109" /><testcase classname="backend.tests.test_booking_public_api.TestBookingCreation" name="test_create_booking_missing_required_field_returns_422" time="0.115" /><testcase classname="backend.tests.test_booking_public_api.TestBookingAPIAuthentication" name="test_get_bookings_requires_auth" time="0.108" /><testcase classname="backend.tests.test_booking_public_api.TestBookingAPIAuthentication" name="test_get_booking_by_id_requires_auth" time="0.114" /><testcase classname="backend.tests.test_booking_public_api.TestBookingAPIAuthentication" name="test_update_booking_requires_auth" time="0.161" /><testcase classname="backend.tests.test_booking_public_api.TestBookingAPIAuthentication" name="test_delete_booking_requires_auth" time="0.104" /></testsuite></testsuites>