<?xml version="1.0" encoding="utf-8"?><testsuites name="pytest tests"><testsuite name="pytest" errors="0" failures="0" skipped="0" tests="13" time="7.201" timestamp="2026-03-25T12:01:46.407155+00:00" hostname="agent-env-4f2f20ad-9574-4ebc-9465-e8d1fdbb5c79"><testcase classname="backend.tests.test_calendar_workers_iter14.TestShiftTypeAndAttendance" name="test_create_shift_with_normal_type" time="0.618" /><testcase classname="backend.tests.test_calendar_workers_iter14.TestShiftTypeAndAttendance" name="test_create_shift_with_vacation_type" time="0.547" /><testcase classname="backend.tests.test_calendar_workers_iter14.TestShiftTypeAndAttendance" name="test_create_shift_with_sick_leave_type" time="0.524" /><testcase classname="backend.tests.test_calendar_workers_iter14.TestShiftTypeAndAttendance" name="test_update_shift_type" time="0.661" /><testcase classname="backend.tests.test_calendar_workers_iter14.TestShiftTypeAndAttendance" name="test_attendance_report_api" time="0.537" /><testcase classname="backend.tests.test_calendar_workers_iter14.TestShiftTypeAndAttendance" name="test_attendance_report_shift_details" time="0.769" /><testcase classname="backend.tests.test_calendar_workers_iter14.TestShiftTypeAndAttendance" name="test_leave_stats_api" time="0.472" /><testcase classname="backend.tests.test_calendar_workers_iter14.TestShiftTypeAndAttendance" name="test_leave_stats_counts_correctly" time="0.794" /><testcase classname="backend.tests.test_calendar_workers_iter14.TestShiftTypeAndAttendance" name="test_attendance_report_lunch_deduction" time="0.588" /><testcase classname="backend.tests.test_calendar_workers_iter14.TestBookingsAPI" name="test_get_bookings_with_date_range" time="0.389" /><testcase classname="backend.tests.test_calendar_workers_iter14.TestBookingsAPI" name="test_get_bookings_with_location" time="0.367" /><testcase classname="backend.tests.test_calendar_workers_iter14.TestWorkerStatsAPI" name="test_worker_monthly_stats" time="0.382" /><testcase classname="backend.tests.test_calendar_workers_iter14.TestWorkerStatsAPI" name="test_worker_monthly_stats_with_location" time="0.444" /></testsuite></testsuites>