<?xml version="1.0" encoding="utf-8"?><testsuites name="pytest tests"><testsuite name="pytest" errors="0" failures="0" skipped="0" tests="9" time="1.243" timestamp="2026-03-04T10:39:01.134943+00:00" hostname="agent-env-f2358920-a078-4f3b-ba2e-aa5f5f78de58"><testcase classname="backend.tests.test_new_features_iter6.TestWorkerMonthlyStats" name="test_worker_monthly_stats_basic" time="0.166" /><testcase classname="backend.tests.test_new_features_iter6.TestWorkerMonthlyStats" name="test_worker_monthly_stats_with_month_param" time="0.128" /><testcase classname="backend.tests.test_new_features_iter6.TestWorkerMonthlyStats" name="test_worker_monthly_stats_with_location_filter" time="0.111" /><testcase classname="backend.tests.test_new_features_iter6.TestWorkerMonthlyStats" name="test_worker_monthly_stats_with_both_params" time="0.104" /><testcase classname="backend.tests.test_new_features_iter6.TestWorkerMonthlyStats" name="test_worker_monthly_stats_correct_values" time="0.110" /><testcase classname="backend.tests.test_new_features_iter6.TestDayRecordsReopenAfterClose" name="test_open_day_when_only_closed_exists" time="0.099" /><testcase classname="backend.tests.test_new_features_iter6.TestDayRecordsReopenAfterClose" name="test_open_day_blocks_when_already_open" time="0.215" /><testcase classname="backend.tests.test_new_features_iter6.TestAPIAuthentication" name="test_worker_monthly_stats_requires_auth" time="0.141" /><testcase classname="backend.tests.test_new_features_iter6.TestAPIAuthentication" name="test_day_records_open_requires_auth" time="0.101" /></testsuite></testsuites>